生成启动时间为 2016/1/13 10:54:19。
     1>项目“G:\CACULATOR1\CACULATOR\CACULATOR.vcxproj”在节点 2 上(build 个目标)。
     1>InitializeBuildStatus:
         正在对“Debug\CACULATOR.unsuccessfulbuild”执行 Touch 任务。
       ClCompile:
         所有输出均为最新。
         d:\vc\VC\bin\CL.exe /c /ZI /nologo /W3 /WX- /Od /Oy- /D WIN32 /D _WINDOWS /D _DEBUG /D _UNICODE /D UNICODE /D _AFXDLL /Gm /EHsc /RTC1 /MDd /GS /fp:precise /Zc:wchar_t /Zc:forScope /Yu"StdAfx.h" /Fp"Debug\CACULATOR.pch" /Fo"Debug\\" /Fd"Debug\vc100.pdb" /Gd /TP /analyze- /errorReport:prompt CACULATORDlg.cpp
         CACULATORDlg.cpp
     1>d:\vc\vc\atlmfc\include\afxusertool.h(23): error C2011: “CUserTool”:“class”类型重定义
                 c:\program files (x86)\microsoft visual studio 10.0\vc\atlmfc\include\afxusertool.h(23) : 参见“CUserTool”的声明
     1>d:\vc\vc\atlmfc\include\afxusertoolsmanager.h(24): error C2011: “CUserToolsManager”:“class”类型重定义
                 c:\program files (x86)\microsoft visual studio 10.0\vc\atlmfc\include\afxusertoolsmanager.h(24) : 参见“CUserToolsManager”的声明
     1>d:\vc\vc\atlmfc\include\afxcontrolbarutil.h(35): error C2084: 函数“BOOL IsStandardCommand(UINT)”已有主体
                 c:\program files (x86)\microsoft visual studio 10.0\vc\atlmfc\include\afxcontrolbarutil.h(34) : 参见“IsStandardCommand”的前一个定义
     1>d:\vc\vc\atlmfc\include\afxcontrolbarutil.h(40): error C2027: 使用了未定义类型“CUserToolsManager”
                 c:\program files (x86)\microsoft visual studio 10.0\vc\atlmfc\include\afxusertoolsmanager.h(24) : 参见“CUserToolsManager”的声明
     1>d:\vc\vc\atlmfc\include\afxcontrolbarutil.h(40): error C2227: “->GetToolsEntryCmd”的左边必须指向类/结构/联合/泛型类型
     1>d:\vc\vc\atlmfc\include\afxcontrolbarutil.h(48): error C2084: 函数“void AFXSetTopLevelFrame(CFrameWnd *)”已有主体
                 c:\program files (x86)\microsoft visual studio 10.0\vc\atlmfc\include\afxcontrolbarutil.h(47) : 参见“AFXSetTopLevelFrame”的前一个定义
     1>d:\vc\vc\atlmfc\include\afxcontrolbarutil.h(53): error C2084: 函数“CFrameWnd *AFXGetTopLevelFrame(const CWnd *)”已有主体
                 c:\program files (x86)\microsoft visual studio 10.0\vc\atlmfc\include\afxcontrolbarutil.h(52) : 参见“AFXGetTopLevelFrame”的前一个定义
     1>d:\vc\vc\atlmfc\include\afxcontrolbarutil.h(64): error C2011: “CMemDC”:“class”类型重定义
                 c:\program files (x86)\microsoft visual studio 10.0\vc\atlmfc\include\afxcontrolbarutil.h(64) : 参见“CMemDC”的声明
     1>d:\vc\vc\atlmfc\include\afxcontrolbarutil.h(114): error C2011: “AFX_SMARTDOCK_THEME”:“enum”类型重定义
                 c:\program files (x86)\microsoft visual studio 10.0\vc\atlmfc\include\afxcontrolbarutil.h(114) : 参见“AFX_SMARTDOCK_THEME”的声明
     1>d:\vc\vc\atlmfc\include\afxdialogimpl.h(26): error C2011: “CDialogImpl”:“class”类型重定义
                 c:\program files (x86)\microsoft visual studio 10.0\vc\atlmfc\include\afxdialogimpl.h(26) : 参见“CDialogImpl”的声明
     1>d:\vc\vc\atlmfc\include\afxdialogex.h(27): error C2011: “CDialogEx”:“class”类型重定义
                 c:\program files (x86)\microsoft visual studio 10.0\vc\atlmfc\include\afxdialogex.h(27) : 参见“CDialogEx”的声明
     1>g:\caculator1\caculator\caculatordlg.cpp(19): error C2504: “CDialogEx”: 未定义基类
     1>g:\caculator1\caculator\caculatordlg.cpp(35): error C2614: “CAboutDlg”: 非法的成员初始化:“CDialogEx”不是基或成员
     1>g:\caculator1\caculator\caculatordlg.cpp(40): error C2027: 使用了未定义类型“CDialogEx”
                 c:\program files (x86)\microsoft visual studio 10.0\vc\atlmfc\include\afxdialogex.h(27) : 参见“CDialogEx”的声明
     1>g:\caculator1\caculator\caculatordlg.cpp(44): error C2027: 使用了未定义类型“CDialogEx”
                 c:\program files (x86)\microsoft visual studio 10.0\vc\atlmfc\include\afxdialogex.h(27) : 参见“CDialogEx”的声明
     1>g:\caculator1\caculator\caculatordlg.cpp(55): error C2027: 使用了未定义类型“CDialogEx”
                 c:\program files (x86)\microsoft visual studio 10.0\vc\atlmfc\include\afxdialogex.h(27) : 参见“CDialogEx”的声明
     1>g:\caculator1\caculator\caculatordlg.cpp(55): fatal error C1903: 无法从以前的错误中恢复；正在停止编译
     1>已完成生成项目“G:\CACULATOR1\CACULATOR\CACULATOR.vcxproj”(build 个目标)的操作 - 失败。

生成失败。

已用时间 00:00:01.57
